CRITICAL - 2022-04-09 08:39:55 --> Invalid file: subpages/project_backlog.php
#0 C:\xampp\htdocs\smrpo\system\View\View.php(198): CodeIgniter\Exceptions\FrameworkException::forInvalidFile('subpages/projec...')
#1 C:\xampp\htdocs\smrpo\system\Common.php(1089): CodeIgniter\View\View->render('subpages/projec...', Array, true)
#2 C:\xampp\htdocs\smrpo\app\Controllers\ProjectsController.php(33): view('subpages/projec...')
#3 C:\xampp\htdocs\smrpo\system\CodeIgniter.php(832): App\Controllers\ProjectsController->backlog()
#4 C:\xampp\htdocs\smrpo\system\CodeIgniter.php(419): CodeIgniter\CodeIgniter->runController(Object(App\Controllers\ProjectsController))
#5 C:\xampp\htdocs\smrpo\system\CodeIgniter.php(326): CodeIgniter\CodeIgniter->handleRequest(NULL, Object(Config\Cache), false)
#6 C:\xampp\htdocs\smrpo\public\index.php(37): CodeIgniter\CodeIgniter->run()
#7 {main}
CRITICAL - 2022-04-09 08:40:22 --> Undefined variable: naloge
#0 C:\xampp\htdocs\smrpo\app\Views\subpages\projekti\backlog.php(6): CodeIgniter\Debug\Exceptions->errorHandler(8, 'Undefined varia...', 'C:\\xampp\\htdocs...', 6, Array)
#1 C:\xampp\htdocs\smrpo\system\View\View.php(210): include('C:\\xampp\\htdocs...')
#2 C:\xampp\htdocs\smrpo\system\View\View.php(213): CodeIgniter\View\View->CodeIgniter\View\{closure}()
#3 C:\xampp\htdocs\smrpo\system\Common.php(1089): CodeIgniter\View\View->render('subpages/projek...', Array, true)
#4 C:\xampp\htdocs\smrpo\app\Controllers\ProjectsController.php(33): view('subpages/projek...')
#5 C:\xampp\htdocs\smrpo\system\CodeIgniter.php(832): App\Controllers\ProjectsController->backlog()
#6 C:\xampp\htdocs\smrpo\system\CodeIgniter.php(419): CodeIgniter\CodeIgniter->runController(Object(App\Controllers\ProjectsController))
#7 C:\xampp\htdocs\smrpo\system\CodeIgniter.php(326): CodeIgniter\CodeIgniter->handleRequest(NULL, Object(Config\Cache), false)
#8 C:\xampp\htdocs\smrpo\public\index.php(37): CodeIgniter\CodeIgniter->run()
#9 {main}
