CRITICAL - 2022-03-21 15:38:34 --> Undefined variable: projekti
#0 C:\xampp\htdocs\smrpo\app\Views\projects.php(8): CodeIgniter\Debug\Exceptions->errorHandler(8, 'Undefined varia...', 'C:\\xampp\\htdocs...', 8, Array)
#1 C:\xampp\htdocs\smrpo\system\View\View.php(210): include('C:\\xampp\\htdocs...')
#2 C:\xampp\htdocs\smrpo\system\View\View.php(213): CodeIgniter\View\View->CodeIgniter\View\{closure}()
#3 C:\xampp\htdocs\smrpo\system\Common.php(1089): CodeIgniter\View\View->render('projects', Array, true)
#4 C:\xampp\htdocs\smrpo\app\Controllers\ProjectsController.php(18): view('projects', Array)
#5 C:\xampp\htdocs\smrpo\system\CodeIgniter.php(832): App\Controllers\ProjectsController->allProjects()
#6 C:\xampp\htdocs\smrpo\system\CodeIgniter.php(419): CodeIgniter\CodeIgniter->runController(Object(App\Controllers\ProjectsController))
#7 C:\xampp\htdocs\smrpo\system\CodeIgniter.php(326): CodeIgniter\CodeIgniter->handleRequest(NULL, Object(Config\Cache), false)
#8 C:\xampp\htdocs\smrpo\public\index.php(37): CodeIgniter\CodeIgniter->run()
#9 {main}
CRITICAL - 2022-03-21 15:38:51 --> Undefined variable: project_name
#0 C:\xampp\htdocs\smrpo\app\Views\projects.php(10): CodeIgniter\Debug\Exceptions->errorHandler(8, 'Undefined varia...', 'C:\\xampp\\htdocs...', 10, Array)
#1 C:\xampp\htdocs\smrpo\system\View\View.php(210): include('C:\\xampp\\htdocs...')
#2 C:\xampp\htdocs\smrpo\system\View\View.php(213): CodeIgniter\View\View->CodeIgniter\View\{closure}()
#3 C:\xampp\htdocs\smrpo\system\Common.php(1089): CodeIgniter\View\View->render('projects', Array, true)
#4 C:\xampp\htdocs\smrpo\app\Controllers\ProjectsController.php(18): view('projects', Array)
#5 C:\xampp\htdocs\smrpo\system\CodeIgniter.php(832): App\Controllers\ProjectsController->allProjects()
#6 C:\xampp\htdocs\smrpo\system\CodeIgniter.php(419): CodeIgniter\CodeIgniter->runController(Object(App\Controllers\ProjectsController))
#7 C:\xampp\htdocs\smrpo\system\CodeIgniter.php(326): CodeIgniter\CodeIgniter->handleRequest(NULL, Object(Config\Cache), false)
#8 C:\xampp\htdocs\smrpo\public\index.php(37): CodeIgniter\CodeIgniter->run()
#9 {main}
CRITICAL - 2022-03-21 17:05:28 --> Argument 1 passed to App\Models\UporabniskeZgodbeModel::preveriCeJeZeIme() must be of the type string, null given, called in C:\xampp\htdocs\smrpo\app\Controllers\DodajanjeUporabniskihZgodbController.php on line 51
#0 C:\xampp\htdocs\smrpo\app\Controllers\DodajanjeUporabniskihZgodbController.php(51): App\Models\UporabniskeZgodbeModel->preveriCeJeZeIme(NULL)
#1 C:\xampp\htdocs\smrpo\system\CodeIgniter.php(832): App\Controllers\DodajanjeUporabniskihZgodbController->dodajanjeZgodbe()
#2 C:\xampp\htdocs\smrpo\system\CodeIgniter.php(419): CodeIgniter\CodeIgniter->runController(Object(App\Controllers\DodajanjeUporabniskihZgodbController))
#3 C:\xampp\htdocs\smrpo\system\CodeIgniter.php(326): CodeIgniter\CodeIgniter->handleRequest(NULL, Object(Config\Cache), false)
#4 C:\xampp\htdocs\smrpo\public\index.php(37): CodeIgniter\CodeIgniter->run()
#5 {main}
CRITICAL - 2022-03-21 17:06:22 --> Argument 1 passed to App\Models\UporabniskeZgodbeModel::preveriCeJeZeIme() must be of the type string, null given, called in C:\xampp\htdocs\smrpo\app\Controllers\DodajanjeUporabniskihZgodbController.php on line 51
#0 C:\xampp\htdocs\smrpo\app\Controllers\DodajanjeUporabniskihZgodbController.php(51): App\Models\UporabniskeZgodbeModel->preveriCeJeZeIme(NULL)
#1 C:\xampp\htdocs\smrpo\system\CodeIgniter.php(832): App\Controllers\DodajanjeUporabniskihZgodbController->dodajanjeZgodbe()
#2 C:\xampp\htdocs\smrpo\system\CodeIgniter.php(419): CodeIgniter\CodeIgniter->runController(Object(App\Controllers\DodajanjeUporabniskihZgodbController))
#3 C:\xampp\htdocs\smrpo\system\CodeIgniter.php(326): CodeIgniter\CodeIgniter->handleRequest(NULL, Object(Config\Cache), false)
#4 C:\xampp\htdocs\smrpo\public\index.php(37): CodeIgniter\CodeIgniter->run()
#5 {main}
CRITICAL - 2022-03-21 17:24:12 --> Undefined variable: type
#0 C:\xampp\htdocs\smrpo\app\Views\partials\projectCard.php(6): CodeIgniter\Debug\Exceptions->errorHandler(8, 'Undefined varia...', 'C:\\xampp\\htdocs...', 6, Array)
#1 C:\xampp\htdocs\smrpo\system\View\View.php(210): include('C:\\xampp\\htdocs...')
#2 C:\xampp\htdocs\smrpo\system\View\View.php(213): CodeIgniter\View\View->CodeIgniter\View\{closure}()
#3 C:\xampp\htdocs\smrpo\system\Common.php(1089): CodeIgniter\View\View->render('partials/projec...', Array, true)
#4 C:\xampp\htdocs\smrpo\app\Views\projects.php(12): view('partials/projec...', Array)
#5 C:\xampp\htdocs\smrpo\system\View\View.php(210): include('C:\\xampp\\htdocs...')
#6 C:\xampp\htdocs\smrpo\system\View\View.php(213): CodeIgniter\View\View->CodeIgniter\View\{closure}()
#7 C:\xampp\htdocs\smrpo\system\Common.php(1089): CodeIgniter\View\View->render('projects', Array, true)
#8 C:\xampp\htdocs\smrpo\app\Controllers\ProjectsController.php(18): view('projects', Array)
#9 C:\xampp\htdocs\smrpo\system\CodeIgniter.php(832): App\Controllers\ProjectsController->allProjects()
#10 C:\xampp\htdocs\smrpo\system\CodeIgniter.php(419): CodeIgniter\CodeIgniter->runController(Object(App\Controllers\ProjectsController))
#11 C:\xampp\htdocs\smrpo\system\CodeIgniter.php(326): CodeIgniter\CodeIgniter->handleRequest(NULL, Object(Config\Cache), false)
#12 C:\xampp\htdocs\smrpo\public\index.php(37): CodeIgniter\CodeIgniter->run()
#13 {main}
