CRITICAL - 2022-04-13 15:33:44 --> Allowed fields must be specified for model: App\Models\NalogeModel
#0 C:\xampp\htdocs\smrpo\system\BaseModel.php(1138): CodeIgniter\Database\Exceptions\DataException::forInvalidAllowedFields('App\\Models\\Nalo...')
#1 C:\xampp\htdocs\smrpo\system\BaseModel.php(713): CodeIgniter\BaseModel->doProtectFields(Array)
#2 C:\xampp\htdocs\smrpo\system\Model.php(625): CodeIgniter\BaseModel->insert(Array, false)
#3 C:\xampp\htdocs\smrpo\system\BaseModel.php(658): CodeIgniter\Model->insert(Array, false)
#4 C:\xampp\htdocs\smrpo\app\Controllers\ProjectsController.php(52): CodeIgniter\BaseModel->save(Array)
#5 C:\xampp\htdocs\smrpo\system\CodeIgniter.php(832): App\Controllers\ProjectsController->dodajZgodbo()
#6 C:\xampp\htdocs\smrpo\system\CodeIgniter.php(419): CodeIgniter\CodeIgniter->runController(Object(App\Controllers\ProjectsController))
#7 C:\xampp\htdocs\smrpo\system\CodeIgniter.php(326): CodeIgniter\CodeIgniter->handleRequest(NULL, Object(Config\Cache), false)
#8 C:\xampp\htdocs\smrpo\public\index.php(37): CodeIgniter\CodeIgniter->run()
#9 {main}
CRITICAL - 2022-04-13 15:52:03 --> syntax error, unexpected end of file
#0 C:\xampp\htdocs\smrpo\system\View\View.php(213): CodeIgniter\View\View->CodeIgniter\View\{closure}()
#1 C:\xampp\htdocs\smrpo\system\Common.php(1089): CodeIgniter\View\View->render('partials/storyC...', Array, true)
#2 C:\xampp\htdocs\smrpo\app\Views\subpages\projekti\backlog.php(28): view('partials/storyC...', Array)
#3 C:\xampp\htdocs\smrpo\system\View\View.php(210): include('C:\\xampp\\htdocs...')
#4 C:\xampp\htdocs\smrpo\system\View\View.php(213): CodeIgniter\View\View->CodeIgniter\View\{closure}()
#5 C:\xampp\htdocs\smrpo\system\Common.php(1089): CodeIgniter\View\View->render('subpages/projek...', Array, true)
#6 C:\xampp\htdocs\smrpo\app\Controllers\ProjectsController.php(41): view('subpages/projek...', Array)
#7 C:\xampp\htdocs\smrpo\system\CodeIgniter.php(832): App\Controllers\ProjectsController->backlog()
#8 C:\xampp\htdocs\smrpo\system\CodeIgniter.php(419): CodeIgniter\CodeIgniter->runController(Object(App\Controllers\ProjectsController))
#9 C:\xampp\htdocs\smrpo\system\CodeIgniter.php(326): CodeIgniter\CodeIgniter->handleRequest(NULL, Object(Config\Cache), false)
#10 C:\xampp\htdocs\smrpo\public\index.php(37): CodeIgniter\CodeIgniter->run()
#11 {main}
CRITICAL - 2022-04-13 15:52:21 --> Undefined variable: naloge
#0 C:\xampp\htdocs\smrpo\app\Views\partials\storyCard.php(82): CodeIgniter\Debug\Exceptions->errorHandler(8, 'Undefined varia...', 'C:\\xampp\\htdocs...', 82, Array)
#1 C:\xampp\htdocs\smrpo\system\View\View.php(210): include('C:\\xampp\\htdocs...')
#2 C:\xampp\htdocs\smrpo\system\View\View.php(213): CodeIgniter\View\View->CodeIgniter\View\{closure}()
#3 C:\xampp\htdocs\smrpo\system\Common.php(1089): CodeIgniter\View\View->render('partials/storyC...', Array, true)
#4 C:\xampp\htdocs\smrpo\app\Views\subpages\projekti\backlog.php(28): view('partials/storyC...', Array)
#5 C:\xampp\htdocs\smrpo\system\View\View.php(210): include('C:\\xampp\\htdocs...')
#6 C:\xampp\htdocs\smrpo\system\View\View.php(213): CodeIgniter\View\View->CodeIgniter\View\{closure}()
#7 C:\xampp\htdocs\smrpo\system\Common.php(1089): CodeIgniter\View\View->render('subpages/projek...', Array, true)
#8 C:\xampp\htdocs\smrpo\app\Controllers\ProjectsController.php(41): view('subpages/projek...', Array)
#9 C:\xampp\htdocs\smrpo\system\CodeIgniter.php(832): App\Controllers\ProjectsController->backlog()
#10 C:\xampp\htdocs\smrpo\system\CodeIgniter.php(419): CodeIgniter\CodeIgniter->runController(Object(App\Controllers\ProjectsController))
#11 C:\xampp\htdocs\smrpo\system\CodeIgniter.php(326): CodeIgniter\CodeIgniter->handleRequest(NULL, Object(Config\Cache), false)
#12 C:\xampp\htdocs\smrpo\public\index.php(37): CodeIgniter\CodeIgniter->run()
#13 {main}
CRITICAL - 2022-04-13 16:02:01 --> Undefined index: naloge
#0 C:\xampp\htdocs\smrpo\app\Views\subpages\projekti\backlog.php(28): CodeIgniter\Debug\Exceptions->errorHandler(8, 'Undefined index...', 'C:\\xampp\\htdocs...', 28, Array)
#1 C:\xampp\htdocs\smrpo\system\View\View.php(210): include('C:\\xampp\\htdocs...')
#2 C:\xampp\htdocs\smrpo\system\View\View.php(213): CodeIgniter\View\View->CodeIgniter\View\{closure}()
#3 C:\xampp\htdocs\smrpo\system\Common.php(1089): CodeIgniter\View\View->render('subpages/projek...', Array, true)
#4 C:\xampp\htdocs\smrpo\app\Controllers\ProjectsController.php(48): view('subpages/projek...', Array)
#5 C:\xampp\htdocs\smrpo\system\CodeIgniter.php(832): App\Controllers\ProjectsController->backlog()
#6 C:\xampp\htdocs\smrpo\system\CodeIgniter.php(419): CodeIgniter\CodeIgniter->runController(Object(App\Controllers\ProjectsController))
#7 C:\xampp\htdocs\smrpo\system\CodeIgniter.php(326): CodeIgniter\CodeIgniter->handleRequest(NULL, Object(Config\Cache), false)
#8 C:\xampp\htdocs\smrpo\public\index.php(37): CodeIgniter\CodeIgniter->run()
#9 {main}
CRITICAL - 2022-04-13 16:21:37 --> Undefined index: clan_ekipe
#0 C:\xampp\htdocs\smrpo\app\Controllers\ProjectsController.php(43): CodeIgniter\Debug\Exceptions->errorHandler(8, 'Undefined index...', 'C:\\xampp\\htdocs...', 43, Array)
#1 C:\xampp\htdocs\smrpo\system\CodeIgniter.php(832): App\Controllers\ProjectsController->backlog()
#2 C:\xampp\htdocs\smrpo\system\CodeIgniter.php(419): CodeIgniter\CodeIgniter->runController(Object(App\Controllers\ProjectsController))
#3 C:\xampp\htdocs\smrpo\system\CodeIgniter.php(326): CodeIgniter\CodeIgniter->handleRequest(NULL, Object(Config\Cache), false)
#4 C:\xampp\htdocs\smrpo\public\index.php(37): CodeIgniter\CodeIgniter->run()
#5 {main}
CRITICAL - 2022-04-13 16:22:04 --> Array to string conversion
#0 C:\xampp\htdocs\smrpo\app\Views\partials\storyCard.php(87): CodeIgniter\Debug\Exceptions->errorHandler(8, 'Array to string...', 'C:\\xampp\\htdocs...', 87, Array)
#1 C:\xampp\htdocs\smrpo\system\View\View.php(210): include('C:\\xampp\\htdocs...')
#2 C:\xampp\htdocs\smrpo\system\View\View.php(213): CodeIgniter\View\View->CodeIgniter\View\{closure}()
#3 C:\xampp\htdocs\smrpo\system\Common.php(1089): CodeIgniter\View\View->render('partials/storyC...', Array, true)
#4 C:\xampp\htdocs\smrpo\app\Views\subpages\projekti\backlog.php(28): view('partials/storyC...', Array)
#5 C:\xampp\htdocs\smrpo\system\View\View.php(210): include('C:\\xampp\\htdocs...')
#6 C:\xampp\htdocs\smrpo\system\View\View.php(213): CodeIgniter\View\View->CodeIgniter\View\{closure}()
#7 C:\xampp\htdocs\smrpo\system\Common.php(1089): CodeIgniter\View\View->render('subpages/projek...', Array, true)
#8 C:\xampp\htdocs\smrpo\app\Controllers\ProjectsController.php(57): view('subpages/projek...', Array)
#9 C:\xampp\htdocs\smrpo\system\CodeIgniter.php(832): App\Controllers\ProjectsController->backlog()
#10 C:\xampp\htdocs\smrpo\system\CodeIgniter.php(419): CodeIgniter\CodeIgniter->runController(Object(App\Controllers\ProjectsController))
#11 C:\xampp\htdocs\smrpo\system\CodeIgniter.php(326): CodeIgniter\CodeIgniter->handleRequest(NULL, Object(Config\Cache), false)
#12 C:\xampp\htdocs\smrpo\public\index.php(37): CodeIgniter\CodeIgniter->run()
#13 {main}
CRITICAL - 2022-04-13 16:24:33 --> Undefined offset: 0
#0 C:\xampp\htdocs\smrpo\app\Controllers\ProjectsController.php(43): CodeIgniter\Debug\Exceptions->errorHandler(8, 'Undefined offse...', 'C:\\xampp\\htdocs...', 43, Array)
#1 C:\xampp\htdocs\smrpo\system\CodeIgniter.php(832): App\Controllers\ProjectsController->backlog()
#2 C:\xampp\htdocs\smrpo\system\CodeIgniter.php(419): CodeIgniter\CodeIgniter->runController(Object(App\Controllers\ProjectsController))
#3 C:\xampp\htdocs\smrpo\system\CodeIgniter.php(326): CodeIgniter\CodeIgniter->handleRequest(NULL, Object(Config\Cache), false)
#4 C:\xampp\htdocs\smrpo\public\index.php(37): CodeIgniter\CodeIgniter->run()
#5 {main}
CRITICAL - 2022-04-13 16:24:46 --> Undefined offset: 0
#0 C:\xampp\htdocs\smrpo\app\Controllers\ProjectsController.php(43): CodeIgniter\Debug\Exceptions->errorHandler(8, 'Undefined offse...', 'C:\\xampp\\htdocs...', 43, Array)
#1 C:\xampp\htdocs\smrpo\system\CodeIgniter.php(832): App\Controllers\ProjectsController->backlog()
#2 C:\xampp\htdocs\smrpo\system\CodeIgniter.php(419): CodeIgniter\CodeIgniter->runController(Object(App\Controllers\ProjectsController))
#3 C:\xampp\htdocs\smrpo\system\CodeIgniter.php(326): CodeIgniter\CodeIgniter->handleRequest(NULL, Object(Config\Cache), false)
#4 C:\xampp\htdocs\smrpo\public\index.php(37): CodeIgniter\CodeIgniter->run()
#5 {main}
CRITICAL - 2022-04-13 16:25:09 --> Array to string conversion
#0 C:\xampp\htdocs\smrpo\app\Views\partials\storyCard.php(87): CodeIgniter\Debug\Exceptions->errorHandler(8, 'Array to string...', 'C:\\xampp\\htdocs...', 87, Array)
#1 C:\xampp\htdocs\smrpo\system\View\View.php(210): include('C:\\xampp\\htdocs...')
#2 C:\xampp\htdocs\smrpo\system\View\View.php(213): CodeIgniter\View\View->CodeIgniter\View\{closure}()
#3 C:\xampp\htdocs\smrpo\system\Common.php(1089): CodeIgniter\View\View->render('partials/storyC...', Array, true)
#4 C:\xampp\htdocs\smrpo\app\Views\subpages\projekti\backlog.php(28): view('partials/storyC...', Array)
#5 C:\xampp\htdocs\smrpo\system\View\View.php(210): include('C:\\xampp\\htdocs...')
#6 C:\xampp\htdocs\smrpo\system\View\View.php(213): CodeIgniter\View\View->CodeIgniter\View\{closure}()
#7 C:\xampp\htdocs\smrpo\system\Common.php(1089): CodeIgniter\View\View->render('subpages/projek...', Array, true)
#8 C:\xampp\htdocs\smrpo\app\Controllers\ProjectsController.php(57): view('subpages/projek...', Array)
#9 C:\xampp\htdocs\smrpo\system\CodeIgniter.php(832): App\Controllers\ProjectsController->backlog()
#10 C:\xampp\htdocs\smrpo\system\CodeIgniter.php(419): CodeIgniter\CodeIgniter->runController(Object(App\Controllers\ProjectsController))
#11 C:\xampp\htdocs\smrpo\system\CodeIgniter.php(326): CodeIgniter\CodeIgniter->handleRequest(NULL, Object(Config\Cache), false)
#12 C:\xampp\htdocs\smrpo\public\index.php(37): CodeIgniter\CodeIgniter->run()
#13 {main}
CRITICAL - 2022-04-13 16:25:15 --> Undefined offset: 0
#0 C:\xampp\htdocs\smrpo\app\Controllers\ProjectsController.php(43): CodeIgniter\Debug\Exceptions->errorHandler(8, 'Undefined offse...', 'C:\\xampp\\htdocs...', 43, Array)
#1 C:\xampp\htdocs\smrpo\system\CodeIgniter.php(832): App\Controllers\ProjectsController->backlog()
#2 C:\xampp\htdocs\smrpo\system\CodeIgniter.php(419): CodeIgniter\CodeIgniter->runController(Object(App\Controllers\ProjectsController))
#3 C:\xampp\htdocs\smrpo\system\CodeIgniter.php(326): CodeIgniter\CodeIgniter->handleRequest(NULL, Object(Config\Cache), false)
#4 C:\xampp\htdocs\smrpo\public\index.php(37): CodeIgniter\CodeIgniter->run()
#5 {main}
CRITICAL - 2022-04-13 16:25:27 --> Undefined offset: 0
#0 C:\xampp\htdocs\smrpo\app\Controllers\ProjectsController.php(43): CodeIgniter\Debug\Exceptions->errorHandler(8, 'Undefined offse...', 'C:\\xampp\\htdocs...', 43, Array)
#1 C:\xampp\htdocs\smrpo\system\CodeIgniter.php(832): App\Controllers\ProjectsController->backlog()
#2 C:\xampp\htdocs\smrpo\system\CodeIgniter.php(419): CodeIgniter\CodeIgniter->runController(Object(App\Controllers\ProjectsController))
#3 C:\xampp\htdocs\smrpo\system\CodeIgniter.php(326): CodeIgniter\CodeIgniter->handleRequest(NULL, Object(Config\Cache), false)
#4 C:\xampp\htdocs\smrpo\public\index.php(37): CodeIgniter\CodeIgniter->run()
#5 {main}
CRITICAL - 2022-04-13 16:26:17 --> Undefined offset: 9
#0 C:\xampp\htdocs\smrpo\app\Controllers\ProjectsController.php(43): CodeIgniter\Debug\Exceptions->errorHandler(8, 'Undefined offse...', 'C:\\xampp\\htdocs...', 43, Array)
#1 C:\xampp\htdocs\smrpo\system\CodeIgniter.php(832): App\Controllers\ProjectsController->backlog()
#2 C:\xampp\htdocs\smrpo\system\CodeIgniter.php(419): CodeIgniter\CodeIgniter->runController(Object(App\Controllers\ProjectsController))
#3 C:\xampp\htdocs\smrpo\system\CodeIgniter.php(326): CodeIgniter\CodeIgniter->handleRequest(NULL, Object(Config\Cache), false)
#4 C:\xampp\htdocs\smrpo\public\index.php(37): CodeIgniter\CodeIgniter->run()
#5 {main}
CRITICAL - 2022-04-13 16:26:46 --> Undefined offset: 0
#0 C:\xampp\htdocs\smrpo\app\Controllers\ProjectsController.php(43): CodeIgniter\Debug\Exceptions->errorHandler(8, 'Undefined offse...', 'C:\\xampp\\htdocs...', 43, Array)
#1 C:\xampp\htdocs\smrpo\system\CodeIgniter.php(832): App\Controllers\ProjectsController->backlog()
#2 C:\xampp\htdocs\smrpo\system\CodeIgniter.php(419): CodeIgniter\CodeIgniter->runController(Object(App\Controllers\ProjectsController))
#3 C:\xampp\htdocs\smrpo\system\CodeIgniter.php(326): CodeIgniter\CodeIgniter->handleRequest(NULL, Object(Config\Cache), false)
#4 C:\xampp\htdocs\smrpo\public\index.php(37): CodeIgniter\CodeIgniter->run()
#5 {main}
CRITICAL - 2022-04-13 16:28:19 --> Undefined offset: 0
#0 C:\xampp\htdocs\smrpo\app\Controllers\ProjectsController.php(44): CodeIgniter\Debug\Exceptions->errorHandler(8, 'Undefined offse...', 'C:\\xampp\\htdocs...', 44, Array)
#1 C:\xampp\htdocs\smrpo\system\CodeIgniter.php(832): App\Controllers\ProjectsController->backlog()
#2 C:\xampp\htdocs\smrpo\system\CodeIgniter.php(419): CodeIgniter\CodeIgniter->runController(Object(App\Controllers\ProjectsController))
#3 C:\xampp\htdocs\smrpo\system\CodeIgniter.php(326): CodeIgniter\CodeIgniter->handleRequest(NULL, Object(Config\Cache), false)
#4 C:\xampp\htdocs\smrpo\public\index.php(37): CodeIgniter\CodeIgniter->run()
#5 {main}
CRITICAL - 2022-04-13 16:28:49 --> Undefined offset: 0
#0 C:\xampp\htdocs\smrpo\app\Controllers\ProjectsController.php(43): CodeIgniter\Debug\Exceptions->errorHandler(8, 'Undefined offse...', 'C:\\xampp\\htdocs...', 43, Array)
#1 C:\xampp\htdocs\smrpo\system\CodeIgniter.php(832): App\Controllers\ProjectsController->backlog()
#2 C:\xampp\htdocs\smrpo\system\CodeIgniter.php(419): CodeIgniter\CodeIgniter->runController(Object(App\Controllers\ProjectsController))
#3 C:\xampp\htdocs\smrpo\system\CodeIgniter.php(326): CodeIgniter\CodeIgniter->handleRequest(NULL, Object(Config\Cache), false)
#4 C:\xampp\htdocs\smrpo\public\index.php(37): CodeIgniter\CodeIgniter->run()
#5 {main}
CRITICAL - 2022-04-13 16:29:27 --> Undefined offset: 0
#0 C:\xampp\htdocs\smrpo\app\Controllers\ProjectsController.php(45): CodeIgniter\Debug\Exceptions->errorHandler(8, 'Undefined offse...', 'C:\\xampp\\htdocs...', 45, Array)
#1 C:\xampp\htdocs\smrpo\system\CodeIgniter.php(832): App\Controllers\ProjectsController->backlog()
#2 C:\xampp\htdocs\smrpo\system\CodeIgniter.php(419): CodeIgniter\CodeIgniter->runController(Object(App\Controllers\ProjectsController))
#3 C:\xampp\htdocs\smrpo\system\CodeIgniter.php(326): CodeIgniter\CodeIgniter->handleRequest(NULL, Object(Config\Cache), false)
#4 C:\xampp\htdocs\smrpo\public\index.php(37): CodeIgniter\CodeIgniter->run()
#5 {main}
CRITICAL - 2022-04-13 16:30:21 --> Undefined offset: 0
#0 C:\xampp\htdocs\smrpo\app\Controllers\ProjectsController.php(46): CodeIgniter\Debug\Exceptions->errorHandler(8, 'Undefined offse...', 'C:\\xampp\\htdocs...', 46, Array)
#1 C:\xampp\htdocs\smrpo\system\CodeIgniter.php(832): App\Controllers\ProjectsController->backlog()
#2 C:\xampp\htdocs\smrpo\system\CodeIgniter.php(419): CodeIgniter\CodeIgniter->runController(Object(App\Controllers\ProjectsController))
#3 C:\xampp\htdocs\smrpo\system\CodeIgniter.php(326): CodeIgniter\CodeIgniter->handleRequest(NULL, Object(Config\Cache), false)
#4 C:\xampp\htdocs\smrpo\public\index.php(37): CodeIgniter\CodeIgniter->run()
#5 {main}
CRITICAL - 2022-04-13 16:31:02 --> Undefined offset: 0
#0 C:\xampp\htdocs\smrpo\app\Controllers\ProjectsController.php(46): CodeIgniter\Debug\Exceptions->errorHandler(8, 'Undefined offse...', 'C:\\xampp\\htdocs...', 46, Array)
#1 C:\xampp\htdocs\smrpo\system\CodeIgniter.php(832): App\Controllers\ProjectsController->backlog()
#2 C:\xampp\htdocs\smrpo\system\CodeIgniter.php(419): CodeIgniter\CodeIgniter->runController(Object(App\Controllers\ProjectsController))
#3 C:\xampp\htdocs\smrpo\system\CodeIgniter.php(326): CodeIgniter\CodeIgniter->handleRequest(NULL, Object(Config\Cache), false)
#4 C:\xampp\htdocs\smrpo\public\index.php(37): CodeIgniter\CodeIgniter->run()
#5 {main}
CRITICAL - 2022-04-13 16:32:23 --> Undefined index: clan_ekipe_name
#0 C:\xampp\htdocs\smrpo\app\Views\partials\storyCard.php(87): CodeIgniter\Debug\Exceptions->errorHandler(8, 'Undefined index...', 'C:\\xampp\\htdocs...', 87, Array)
#1 C:\xampp\htdocs\smrpo\system\View\View.php(210): include('C:\\xampp\\htdocs...')
#2 C:\xampp\htdocs\smrpo\system\View\View.php(213): CodeIgniter\View\View->CodeIgniter\View\{closure}()
#3 C:\xampp\htdocs\smrpo\system\Common.php(1089): CodeIgniter\View\View->render('partials/storyC...', Array, true)
#4 C:\xampp\htdocs\smrpo\app\Views\subpages\projekti\backlog.php(28): view('partials/storyC...', Array)
#5 C:\xampp\htdocs\smrpo\system\View\View.php(210): include('C:\\xampp\\htdocs...')
#6 C:\xampp\htdocs\smrpo\system\View\View.php(213): CodeIgniter\View\View->CodeIgniter\View\{closure}()
#7 C:\xampp\htdocs\smrpo\system\Common.php(1089): CodeIgniter\View\View->render('subpages/projek...', Array, true)
#8 C:\xampp\htdocs\smrpo\app\Controllers\ProjectsController.php(56): view('subpages/projek...', Array)
#9 C:\xampp\htdocs\smrpo\system\CodeIgniter.php(832): App\Controllers\ProjectsController->backlog()
#10 C:\xampp\htdocs\smrpo\system\CodeIgniter.php(419): CodeIgniter\CodeIgniter->runController(Object(App\Controllers\ProjectsController))
#11 C:\xampp\htdocs\smrpo\system\CodeIgniter.php(326): CodeIgniter\CodeIgniter->handleRequest(NULL, Object(Config\Cache), false)
#12 C:\xampp\htdocs\smrpo\public\index.php(37): CodeIgniter\CodeIgniter->run()
#13 {main}
CRITICAL - 2022-04-13 16:34:23 --> Undefined index: clan_ekipe_name
#0 C:\xampp\htdocs\smrpo\app\Views\partials\storyCard.php(87): CodeIgniter\Debug\Exceptions->errorHandler(8, 'Undefined index...', 'C:\\xampp\\htdocs...', 87, Array)
#1 C:\xampp\htdocs\smrpo\system\View\View.php(210): include('C:\\xampp\\htdocs...')
#2 C:\xampp\htdocs\smrpo\system\View\View.php(213): CodeIgniter\View\View->CodeIgniter\View\{closure}()
#3 C:\xampp\htdocs\smrpo\system\Common.php(1089): CodeIgniter\View\View->render('partials/storyC...', Array, true)
#4 C:\xampp\htdocs\smrpo\app\Views\subpages\projekti\backlog.php(28): view('partials/storyC...', Array)
#5 C:\xampp\htdocs\smrpo\system\View\View.php(210): include('C:\\xampp\\htdocs...')
#6 C:\xampp\htdocs\smrpo\system\View\View.php(213): CodeIgniter\View\View->CodeIgniter\View\{closure}()
#7 C:\xampp\htdocs\smrpo\system\Common.php(1089): CodeIgniter\View\View->render('subpages/projek...', Array, true)
#8 C:\xampp\htdocs\smrpo\app\Controllers\ProjectsController.php(56): view('subpages/projek...', Array)
#9 C:\xampp\htdocs\smrpo\system\CodeIgniter.php(832): App\Controllers\ProjectsController->backlog()
#10 C:\xampp\htdocs\smrpo\system\CodeIgniter.php(419): CodeIgniter\CodeIgniter->runController(Object(App\Controllers\ProjectsController))
#11 C:\xampp\htdocs\smrpo\system\CodeIgniter.php(326): CodeIgniter\CodeIgniter->handleRequest(NULL, Object(Config\Cache), false)
#12 C:\xampp\htdocs\smrpo\public\index.php(37): CodeIgniter\CodeIgniter->run()
#13 {main}
CRITICAL - 2022-04-13 16:35:00 --> Undefined index: clan_ekipe_name
#0 C:\xampp\htdocs\smrpo\app\Views\partials\storyCard.php(87): CodeIgniter\Debug\Exceptions->errorHandler(8, 'Undefined index...', 'C:\\xampp\\htdocs...', 87, Array)
#1 C:\xampp\htdocs\smrpo\system\View\View.php(210): include('C:\\xampp\\htdocs...')
#2 C:\xampp\htdocs\smrpo\system\View\View.php(213): CodeIgniter\View\View->CodeIgniter\View\{closure}()
#3 C:\xampp\htdocs\smrpo\system\Common.php(1089): CodeIgniter\View\View->render('partials/storyC...', Array, true)
#4 C:\xampp\htdocs\smrpo\app\Views\subpages\projekti\backlog.php(28): view('partials/storyC...', Array)
#5 C:\xampp\htdocs\smrpo\system\View\View.php(210): include('C:\\xampp\\htdocs...')
#6 C:\xampp\htdocs\smrpo\system\View\View.php(213): CodeIgniter\View\View->CodeIgniter\View\{closure}()
#7 C:\xampp\htdocs\smrpo\system\Common.php(1089): CodeIgniter\View\View->render('subpages/projek...', Array, true)
#8 C:\xampp\htdocs\smrpo\app\Controllers\ProjectsController.php(57): view('subpages/projek...', Array)
#9 C:\xampp\htdocs\smrpo\system\CodeIgniter.php(832): App\Controllers\ProjectsController->backlog()
#10 C:\xampp\htdocs\smrpo\system\CodeIgniter.php(419): CodeIgniter\CodeIgniter->runController(Object(App\Controllers\ProjectsController))
#11 C:\xampp\htdocs\smrpo\system\CodeIgniter.php(326): CodeIgniter\CodeIgniter->handleRequest(NULL, Object(Config\Cache), false)
#12 C:\xampp\htdocs\smrpo\public\index.php(37): CodeIgniter\CodeIgniter->run()
#13 {main}
CRITICAL - 2022-04-13 16:35:35 --> Undefined index: clan_ekipe_name
#0 C:\xampp\htdocs\smrpo\app\Views\partials\storyCard.php(87): CodeIgniter\Debug\Exceptions->errorHandler(8, 'Undefined index...', 'C:\\xampp\\htdocs...', 87, Array)
#1 C:\xampp\htdocs\smrpo\system\View\View.php(210): include('C:\\xampp\\htdocs...')
#2 C:\xampp\htdocs\smrpo\system\View\View.php(213): CodeIgniter\View\View->CodeIgniter\View\{closure}()
#3 C:\xampp\htdocs\smrpo\system\Common.php(1089): CodeIgniter\View\View->render('partials/storyC...', Array, true)
#4 C:\xampp\htdocs\smrpo\app\Views\subpages\projekti\backlog.php(28): view('partials/storyC...', Array)
#5 C:\xampp\htdocs\smrpo\system\View\View.php(210): include('C:\\xampp\\htdocs...')
#6 C:\xampp\htdocs\smrpo\system\View\View.php(213): CodeIgniter\View\View->CodeIgniter\View\{closure}()
#7 C:\xampp\htdocs\smrpo\system\Common.php(1089): CodeIgniter\View\View->render('subpages/projek...', Array, true)
#8 C:\xampp\htdocs\smrpo\app\Controllers\ProjectsController.php(58): view('subpages/projek...', Array)
#9 C:\xampp\htdocs\smrpo\system\CodeIgniter.php(832): App\Controllers\ProjectsController->backlog()
#10 C:\xampp\htdocs\smrpo\system\CodeIgniter.php(419): CodeIgniter\CodeIgniter->runController(Object(App\Controllers\ProjectsController))
#11 C:\xampp\htdocs\smrpo\system\CodeIgniter.php(326): CodeIgniter\CodeIgniter->handleRequest(NULL, Object(Config\Cache), false)
#12 C:\xampp\htdocs\smrpo\public\index.php(37): CodeIgniter\CodeIgniter->run()
#13 {main}
