CRITICAL - 2022-03-24 03:36:58 --> Call to undefined function get()
#0 C:\xampp\htdocs\SMRPO-6-2022\system\View\View.php(210): include()
#1 C:\xampp\htdocs\SMRPO-6-2022\system\View\View.php(213): CodeIgniter\View\View->CodeIgniter\View\{closure}()
#2 C:\xampp\htdocs\SMRPO-6-2022\system\View\View.php(424): CodeIgniter\View\View->render('partials/navbar', NULL, true)
#3 C:\xampp\htdocs\SMRPO-6-2022\app\Views\layouts\frame.php(19): CodeIgniter\View\View->include('partials/navbar')
#4 C:\xampp\htdocs\SMRPO-6-2022\system\View\View.php(210): include('C:\\xampp\\htdocs...')
#5 C:\xampp\htdocs\SMRPO-6-2022\system\View\View.php(213): CodeIgniter\View\View->CodeIgniter\View\{closure}()
#6 C:\xampp\htdocs\SMRPO-6-2022\system\View\View.php(226): CodeIgniter\View\View->render('layouts/frame', Array, true)
#7 C:\xampp\htdocs\SMRPO-6-2022\system\Common.php(1089): CodeIgniter\View\View->render('subpages/projek...', Array, true)
#8 C:\xampp\htdocs\SMRPO-6-2022\app\Controllers\ProjectsController.php(18): view('subpages/projek...', Array)
#9 C:\xampp\htdocs\SMRPO-6-2022\system\CodeIgniter.php(832): App\Controllers\ProjectsController->allProjects()
#10 C:\xampp\htdocs\SMRPO-6-2022\system\CodeIgniter.php(419): CodeIgniter\CodeIgniter->runController(Object(App\Controllers\ProjectsController))
#11 C:\xampp\htdocs\SMRPO-6-2022\system\CodeIgniter.php(326): CodeIgniter\CodeIgniter->handleRequest(NULL, Object(Config\Cache), false)
#12 C:\xampp\htdocs\SMRPO-6-2022\public\index.php(37): CodeIgniter\CodeIgniter->run()
#13 {main}
CRITICAL - 2022-03-24 05:24:03 --> Invalid file: partials/password.php
#0 C:\xampp\htdocs\SMRPO-6-2022\system\View\View.php(198): CodeIgniter\Exceptions\FrameworkException::forInvalidFile('partials/passwo...')
#1 C:\xampp\htdocs\SMRPO-6-2022\system\Common.php(1089): CodeIgniter\View\View->render('partials/passwo...', Array, true)
#2 C:\xampp\htdocs\SMRPO-6-2022\app\Views\user_update.php(24): view('partials/passwo...', Array)
#3 C:\xampp\htdocs\SMRPO-6-2022\system\View\View.php(210): include('C:\\xampp\\htdocs...')
#4 C:\xampp\htdocs\SMRPO-6-2022\system\View\View.php(213): CodeIgniter\View\View->CodeIgniter\View\{closure}()
#5 C:\xampp\htdocs\SMRPO-6-2022\system\Common.php(1089): CodeIgniter\View\View->render('user_update', Array, true)
#6 C:\xampp\htdocs\SMRPO-6-2022\app\Controllers\UsersController.php(140): view('user_update', Array)
#7 C:\xampp\htdocs\SMRPO-6-2022\system\CodeIgniter.php(832): App\Controllers\UsersController->update_user()
#8 C:\xampp\htdocs\SMRPO-6-2022\system\CodeIgniter.php(419): CodeIgniter\CodeIgniter->runController(Object(App\Controllers\UsersController))
#9 C:\xampp\htdocs\SMRPO-6-2022\system\CodeIgniter.php(326): CodeIgniter\CodeIgniter->handleRequest(NULL, Object(Config\Cache), false)
#10 C:\xampp\htdocs\SMRPO-6-2022\public\index.php(37): CodeIgniter\CodeIgniter->run()
#11 {main}
CRITICAL - 2022-03-24 05:28:32 --> Invalid file: partials/password.php
#0 C:\xampp\htdocs\SMRPO-6-2022\system\View\View.php(198): CodeIgniter\Exceptions\FrameworkException::forInvalidFile('partials/passwo...')
#1 C:\xampp\htdocs\SMRPO-6-2022\system\Common.php(1089): CodeIgniter\View\View->render('partials/passwo...', Array, true)
#2 C:\xampp\htdocs\SMRPO-6-2022\app\Views\user_update.php(24): view('partials/passwo...', Array)
#3 C:\xampp\htdocs\SMRPO-6-2022\system\View\View.php(210): include('C:\\xampp\\htdocs...')
#4 C:\xampp\htdocs\SMRPO-6-2022\system\View\View.php(213): CodeIgniter\View\View->CodeIgniter\View\{closure}()
#5 C:\xampp\htdocs\SMRPO-6-2022\system\Common.php(1089): CodeIgniter\View\View->render('user_update', Array, true)
#6 C:\xampp\htdocs\SMRPO-6-2022\app\Controllers\UsersController.php(140): view('user_update', Array)
#7 C:\xampp\htdocs\SMRPO-6-2022\system\CodeIgniter.php(832): App\Controllers\UsersController->update_user()
#8 C:\xampp\htdocs\SMRPO-6-2022\system\CodeIgniter.php(419): CodeIgniter\CodeIgniter->runController(Object(App\Controllers\UsersController))
#9 C:\xampp\htdocs\SMRPO-6-2022\system\CodeIgniter.php(326): CodeIgniter\CodeIgniter->handleRequest(NULL, Object(Config\Cache), false)
#10 C:\xampp\htdocs\SMRPO-6-2022\public\index.php(37): CodeIgniter\CodeIgniter->run()
#11 {main}
CRITICAL - 2022-03-24 05:29:08 --> Invalid file: partials/password.php
#0 C:\xampp\htdocs\SMRPO-6-2022\system\View\View.php(198): CodeIgniter\Exceptions\FrameworkException::forInvalidFile('partials/passwo...')
#1 C:\xampp\htdocs\SMRPO-6-2022\system\Common.php(1089): CodeIgniter\View\View->render('partials/passwo...', Array, true)
#2 C:\xampp\htdocs\SMRPO-6-2022\app\Views\user_update.php(24): view('partials/passwo...', Array)
#3 C:\xampp\htdocs\SMRPO-6-2022\system\View\View.php(210): include('C:\\xampp\\htdocs...')
#4 C:\xampp\htdocs\SMRPO-6-2022\system\View\View.php(213): CodeIgniter\View\View->CodeIgniter\View\{closure}()
#5 C:\xampp\htdocs\SMRPO-6-2022\system\Common.php(1089): CodeIgniter\View\View->render('user_update', Array, true)
#6 C:\xampp\htdocs\SMRPO-6-2022\app\Controllers\UsersController.php(140): view('user_update', Array)
#7 C:\xampp\htdocs\SMRPO-6-2022\system\CodeIgniter.php(832): App\Controllers\UsersController->update_user()
#8 C:\xampp\htdocs\SMRPO-6-2022\system\CodeIgniter.php(419): CodeIgniter\CodeIgniter->runController(Object(App\Controllers\UsersController))
#9 C:\xampp\htdocs\SMRPO-6-2022\system\CodeIgniter.php(326): CodeIgniter\CodeIgniter->handleRequest(NULL, Object(Config\Cache), false)
#10 C:\xampp\htdocs\SMRPO-6-2022\public\index.php(37): CodeIgniter\CodeIgniter->run()
#11 {main}
CRITICAL - 2022-03-24 12:22:33 --> Invalid file: partials/password.php
#0 C:\xampp\htdocs\SMRPO-6-2022\system\View\View.php(198): CodeIgniter\Exceptions\FrameworkException::forInvalidFile('partials/passwo...')
#1 C:\xampp\htdocs\SMRPO-6-2022\system\Common.php(1089): CodeIgniter\View\View->render('partials/passwo...', Array, true)
#2 C:\xampp\htdocs\SMRPO-6-2022\app\Views\subpages\ustvarjanjeUporabnika\userCreate.php(19): view('partials/passwo...', Array)
#3 C:\xampp\htdocs\SMRPO-6-2022\system\View\View.php(210): include('C:\\xampp\\htdocs...')
#4 C:\xampp\htdocs\SMRPO-6-2022\system\View\View.php(213): CodeIgniter\View\View->CodeIgniter\View\{closure}()
#5 C:\xampp\htdocs\SMRPO-6-2022\system\Common.php(1089): CodeIgniter\View\View->render('subpages/ustvar...', Array, true)
#6 C:\xampp\htdocs\SMRPO-6-2022\app\Controllers\UsersController.php(47): view('subpages/ustvar...', Array)
#7 C:\xampp\htdocs\SMRPO-6-2022\system\CodeIgniter.php(832): App\Controllers\UsersController->createUser()
#8 C:\xampp\htdocs\SMRPO-6-2022\system\CodeIgniter.php(419): CodeIgniter\CodeIgniter->runController(Object(App\Controllers\UsersController))
#9 C:\xampp\htdocs\SMRPO-6-2022\system\CodeIgniter.php(326): CodeIgniter\CodeIgniter->handleRequest(NULL, Object(Config\Cache), false)
#10 C:\xampp\htdocs\SMRPO-6-2022\public\index.php(37): CodeIgniter\CodeIgniter->run()
#11 {main}
CRITICAL - 2022-03-24 17:30:55 --> Undefined variable $storyTitle
#0 C:\xampp\htdocs\SMRPO-6-2022\app\Views\partials\storyCardMini.php(5): CodeIgniter\Debug\Exceptions->errorHandler(2, 'Undefined varia...', 'C:\\xampp\\htdocs...', 5)
#1 C:\xampp\htdocs\SMRPO-6-2022\system\View\View.php(210): include('C:\\xampp\\htdocs...')
#2 C:\xampp\htdocs\SMRPO-6-2022\system\View\View.php(213): CodeIgniter\View\View->CodeIgniter\View\{closure}()
#3 C:\xampp\htdocs\SMRPO-6-2022\system\View\View.php(424): CodeIgniter\View\View->render('partials/storyC...', NULL, true)
#4 C:\xampp\htdocs\SMRPO-6-2022\app\Views\subpages\cardTable\cardTable.php(64): CodeIgniter\View\View->include('partials/storyC...')
#5 C:\xampp\htdocs\SMRPO-6-2022\system\View\View.php(210): include('C:\\xampp\\htdocs...')
#6 C:\xampp\htdocs\SMRPO-6-2022\system\View\View.php(213): CodeIgniter\View\View->CodeIgniter\View\{closure}()
#7 C:\xampp\htdocs\SMRPO-6-2022\system\Common.php(1089): CodeIgniter\View\View->render('subpages/cardTa...', Array, true)
#8 C:\xampp\htdocs\SMRPO-6-2022\app\Controllers\CardTableController.php(16): view('subpages/cardTa...', Array)
#9 C:\xampp\htdocs\SMRPO-6-2022\system\CodeIgniter.php(832): App\Controllers\CardTableController->cardTable()
#10 C:\xampp\htdocs\SMRPO-6-2022\system\CodeIgniter.php(419): CodeIgniter\CodeIgniter->runController(Object(App\Controllers\CardTableController))
#11 C:\xampp\htdocs\SMRPO-6-2022\system\CodeIgniter.php(326): CodeIgniter\CodeIgniter->handleRequest(NULL, Object(Config\Cache), false)
#12 C:\xampp\htdocs\SMRPO-6-2022\public\index.php(37): CodeIgniter\CodeIgniter->run()
#13 {main}
CRITICAL - 2022-03-24 17:32:17 --> Undefined variable $storyTitle
#0 C:\xampp\htdocs\SMRPO-6-2022\app\Views\partials\storyCardMini.php(5): CodeIgniter\Debug\Exceptions->errorHandler(2, 'Undefined varia...', 'C:\\xampp\\htdocs...', 5)
#1 C:\xampp\htdocs\SMRPO-6-2022\system\View\View.php(210): include('C:\\xampp\\htdocs...')
#2 C:\xampp\htdocs\SMRPO-6-2022\system\View\View.php(213): CodeIgniter\View\View->CodeIgniter\View\{closure}()
#3 C:\xampp\htdocs\SMRPO-6-2022\system\View\View.php(424): CodeIgniter\View\View->render('partials/storyC...', Array, true)
#4 C:\xampp\htdocs\SMRPO-6-2022\app\Views\subpages\cardTable\cardTable.php(64): CodeIgniter\View\View->include('partials/storyC...', Array)
#5 C:\xampp\htdocs\SMRPO-6-2022\system\View\View.php(210): include('C:\\xampp\\htdocs...')
#6 C:\xampp\htdocs\SMRPO-6-2022\system\View\View.php(213): CodeIgniter\View\View->CodeIgniter\View\{closure}()
#7 C:\xampp\htdocs\SMRPO-6-2022\system\Common.php(1089): CodeIgniter\View\View->render('subpages/cardTa...', Array, true)
#8 C:\xampp\htdocs\SMRPO-6-2022\app\Controllers\CardTableController.php(16): view('subpages/cardTa...', Array)
#9 C:\xampp\htdocs\SMRPO-6-2022\system\CodeIgniter.php(832): App\Controllers\CardTableController->cardTable()
#10 C:\xampp\htdocs\SMRPO-6-2022\system\CodeIgniter.php(419): CodeIgniter\CodeIgniter->runController(Object(App\Controllers\CardTableController))
#11 C:\xampp\htdocs\SMRPO-6-2022\system\CodeIgniter.php(326): CodeIgniter\CodeIgniter->handleRequest(NULL, Object(Config\Cache), false)
#12 C:\xampp\htdocs\SMRPO-6-2022\public\index.php(37): CodeIgniter\CodeIgniter->run()
#13 {main}
CRITICAL - 2022-03-24 17:32:24 --> Undefined variable $storyTitle
#0 C:\xampp\htdocs\SMRPO-6-2022\app\Views\partials\storyCardMini.php(5): CodeIgniter\Debug\Exceptions->errorHandler(2, 'Undefined varia...', 'C:\\xampp\\htdocs...', 5)
#1 C:\xampp\htdocs\SMRPO-6-2022\system\View\View.php(210): include('C:\\xampp\\htdocs...')
#2 C:\xampp\htdocs\SMRPO-6-2022\system\View\View.php(213): CodeIgniter\View\View->CodeIgniter\View\{closure}()
#3 C:\xampp\htdocs\SMRPO-6-2022\system\View\View.php(424): CodeIgniter\View\View->render('partials/storyC...', Array, true)
#4 C:\xampp\htdocs\SMRPO-6-2022\app\Views\subpages\cardTable\cardTable.php(64): CodeIgniter\View\View->include('partials/storyC...', Array)
#5 C:\xampp\htdocs\SMRPO-6-2022\system\View\View.php(210): include('C:\\xampp\\htdocs...')
#6 C:\xampp\htdocs\SMRPO-6-2022\system\View\View.php(213): CodeIgniter\View\View->CodeIgniter\View\{closure}()
#7 C:\xampp\htdocs\SMRPO-6-2022\system\Common.php(1089): CodeIgniter\View\View->render('subpages/cardTa...', Array, true)
#8 C:\xampp\htdocs\SMRPO-6-2022\app\Controllers\CardTableController.php(16): view('subpages/cardTa...', Array)
#9 C:\xampp\htdocs\SMRPO-6-2022\system\CodeIgniter.php(832): App\Controllers\CardTableController->cardTable()
#10 C:\xampp\htdocs\SMRPO-6-2022\system\CodeIgniter.php(419): CodeIgniter\CodeIgniter->runController(Object(App\Controllers\CardTableController))
#11 C:\xampp\htdocs\SMRPO-6-2022\system\CodeIgniter.php(326): CodeIgniter\CodeIgniter->handleRequest(NULL, Object(Config\Cache), false)
#12 C:\xampp\htdocs\SMRPO-6-2022\public\index.php(37): CodeIgniter\CodeIgniter->run()
#13 {main}
CRITICAL - 2022-03-24 17:32:27 --> Undefined variable $storyTitle
#0 C:\xampp\htdocs\SMRPO-6-2022\app\Views\partials\storyCardMini.php(5): CodeIgniter\Debug\Exceptions->errorHandler(2, 'Undefined varia...', 'C:\\xampp\\htdocs...', 5)
#1 C:\xampp\htdocs\SMRPO-6-2022\system\View\View.php(210): include('C:\\xampp\\htdocs...')
#2 C:\xampp\htdocs\SMRPO-6-2022\system\View\View.php(213): CodeIgniter\View\View->CodeIgniter\View\{closure}()
#3 C:\xampp\htdocs\SMRPO-6-2022\system\View\View.php(424): CodeIgniter\View\View->render('partials/storyC...', Array, true)
#4 C:\xampp\htdocs\SMRPO-6-2022\app\Views\subpages\cardTable\cardTable.php(64): CodeIgniter\View\View->include('partials/storyC...', Array)
#5 C:\xampp\htdocs\SMRPO-6-2022\system\View\View.php(210): include('C:\\xampp\\htdocs...')
#6 C:\xampp\htdocs\SMRPO-6-2022\system\View\View.php(213): CodeIgniter\View\View->CodeIgniter\View\{closure}()
#7 C:\xampp\htdocs\SMRPO-6-2022\system\Common.php(1089): CodeIgniter\View\View->render('subpages/cardTa...', Array, true)
#8 C:\xampp\htdocs\SMRPO-6-2022\app\Controllers\CardTableController.php(16): view('subpages/cardTa...', Array)
#9 C:\xampp\htdocs\SMRPO-6-2022\system\CodeIgniter.php(832): App\Controllers\CardTableController->cardTable()
#10 C:\xampp\htdocs\SMRPO-6-2022\system\CodeIgniter.php(419): CodeIgniter\CodeIgniter->runController(Object(App\Controllers\CardTableController))
#11 C:\xampp\htdocs\SMRPO-6-2022\system\CodeIgniter.php(326): CodeIgniter\CodeIgniter->handleRequest(NULL, Object(Config\Cache), false)
#12 C:\xampp\htdocs\SMRPO-6-2022\public\index.php(37): CodeIgniter\CodeIgniter->run()
#13 {main}
CRITICAL - 2022-03-24 17:32:29 --> Undefined variable $storyTitle
#0 C:\xampp\htdocs\SMRPO-6-2022\app\Views\partials\storyCardMini.php(5): CodeIgniter\Debug\Exceptions->errorHandler(2, 'Undefined varia...', 'C:\\xampp\\htdocs...', 5)
#1 C:\xampp\htdocs\SMRPO-6-2022\system\View\View.php(210): include('C:\\xampp\\htdocs...')
#2 C:\xampp\htdocs\SMRPO-6-2022\system\View\View.php(213): CodeIgniter\View\View->CodeIgniter\View\{closure}()
#3 C:\xampp\htdocs\SMRPO-6-2022\system\View\View.php(424): CodeIgniter\View\View->render('partials/storyC...', Array, true)
#4 C:\xampp\htdocs\SMRPO-6-2022\app\Views\subpages\cardTable\cardTable.php(64): CodeIgniter\View\View->include('partials/storyC...', Array)
#5 C:\xampp\htdocs\SMRPO-6-2022\system\View\View.php(210): include('C:\\xampp\\htdocs...')
#6 C:\xampp\htdocs\SMRPO-6-2022\system\View\View.php(213): CodeIgniter\View\View->CodeIgniter\View\{closure}()
#7 C:\xampp\htdocs\SMRPO-6-2022\system\Common.php(1089): CodeIgniter\View\View->render('subpages/cardTa...', Array, true)
#8 C:\xampp\htdocs\SMRPO-6-2022\app\Controllers\CardTableController.php(16): view('subpages/cardTa...', Array)
#9 C:\xampp\htdocs\SMRPO-6-2022\system\CodeIgniter.php(832): App\Controllers\CardTableController->cardTable()
#10 C:\xampp\htdocs\SMRPO-6-2022\system\CodeIgniter.php(419): CodeIgniter\CodeIgniter->runController(Object(App\Controllers\CardTableController))
#11 C:\xampp\htdocs\SMRPO-6-2022\system\CodeIgniter.php(326): CodeIgniter\CodeIgniter->handleRequest(NULL, Object(Config\Cache), false)
#12 C:\xampp\htdocs\SMRPO-6-2022\public\index.php(37): CodeIgniter\CodeIgniter->run()
#13 {main}
CRITICAL - 2022-03-24 17:32:30 --> Undefined variable $storyTitle
#0 C:\xampp\htdocs\SMRPO-6-2022\app\Views\partials\storyCardMini.php(5): CodeIgniter\Debug\Exceptions->errorHandler(2, 'Undefined varia...', 'C:\\xampp\\htdocs...', 5)
#1 C:\xampp\htdocs\SMRPO-6-2022\system\View\View.php(210): include('C:\\xampp\\htdocs...')
#2 C:\xampp\htdocs\SMRPO-6-2022\system\View\View.php(213): CodeIgniter\View\View->CodeIgniter\View\{closure}()
#3 C:\xampp\htdocs\SMRPO-6-2022\system\View\View.php(424): CodeIgniter\View\View->render('partials/storyC...', Array, true)
#4 C:\xampp\htdocs\SMRPO-6-2022\app\Views\subpages\cardTable\cardTable.php(64): CodeIgniter\View\View->include('partials/storyC...', Array)
#5 C:\xampp\htdocs\SMRPO-6-2022\system\View\View.php(210): include('C:\\xampp\\htdocs...')
#6 C:\xampp\htdocs\SMRPO-6-2022\system\View\View.php(213): CodeIgniter\View\View->CodeIgniter\View\{closure}()
#7 C:\xampp\htdocs\SMRPO-6-2022\system\Common.php(1089): CodeIgniter\View\View->render('subpages/cardTa...', Array, true)
#8 C:\xampp\htdocs\SMRPO-6-2022\app\Controllers\CardTableController.php(16): view('subpages/cardTa...', Array)
#9 C:\xampp\htdocs\SMRPO-6-2022\system\CodeIgniter.php(832): App\Controllers\CardTableController->cardTable()
#10 C:\xampp\htdocs\SMRPO-6-2022\system\CodeIgniter.php(419): CodeIgniter\CodeIgniter->runController(Object(App\Controllers\CardTableController))
#11 C:\xampp\htdocs\SMRPO-6-2022\system\CodeIgniter.php(326): CodeIgniter\CodeIgniter->handleRequest(NULL, Object(Config\Cache), false)
#12 C:\xampp\htdocs\SMRPO-6-2022\public\index.php(37): CodeIgniter\CodeIgniter->run()
#13 {main}
CRITICAL - 2022-03-24 17:32:30 --> Undefined variable $storyTitle
#0 C:\xampp\htdocs\SMRPO-6-2022\app\Views\partials\storyCardMini.php(5): CodeIgniter\Debug\Exceptions->errorHandler(2, 'Undefined varia...', 'C:\\xampp\\htdocs...', 5)
#1 C:\xampp\htdocs\SMRPO-6-2022\system\View\View.php(210): include('C:\\xampp\\htdocs...')
#2 C:\xampp\htdocs\SMRPO-6-2022\system\View\View.php(213): CodeIgniter\View\View->CodeIgniter\View\{closure}()
#3 C:\xampp\htdocs\SMRPO-6-2022\system\View\View.php(424): CodeIgniter\View\View->render('partials/storyC...', Array, true)
#4 C:\xampp\htdocs\SMRPO-6-2022\app\Views\subpages\cardTable\cardTable.php(64): CodeIgniter\View\View->include('partials/storyC...', Array)
#5 C:\xampp\htdocs\SMRPO-6-2022\system\View\View.php(210): include('C:\\xampp\\htdocs...')
#6 C:\xampp\htdocs\SMRPO-6-2022\system\View\View.php(213): CodeIgniter\View\View->CodeIgniter\View\{closure}()
#7 C:\xampp\htdocs\SMRPO-6-2022\system\Common.php(1089): CodeIgniter\View\View->render('subpages/cardTa...', Array, true)
#8 C:\xampp\htdocs\SMRPO-6-2022\app\Controllers\CardTableController.php(16): view('subpages/cardTa...', Array)
#9 C:\xampp\htdocs\SMRPO-6-2022\system\CodeIgniter.php(832): App\Controllers\CardTableController->cardTable()
#10 C:\xampp\htdocs\SMRPO-6-2022\system\CodeIgniter.php(419): CodeIgniter\CodeIgniter->runController(Object(App\Controllers\CardTableController))
#11 C:\xampp\htdocs\SMRPO-6-2022\system\CodeIgniter.php(326): CodeIgniter\CodeIgniter->handleRequest(NULL, Object(Config\Cache), false)
#12 C:\xampp\htdocs\SMRPO-6-2022\public\index.php(37): CodeIgniter\CodeIgniter->run()
#13 {main}
