CRITICAL - 2022-04-14 16:26:03 --> Undefined index: username
#0 C:\xampp\htdocs\smrpo\app\Controllers\BaseController.php(119): CodeIgniter\Debug\Exceptions->errorHandler(8, 'Undefined index...', 'C:\\xampp\\htdocs...', 119, Array)
#1 C:\xampp\htdocs\smrpo\app\Controllers\ProjectsController.php(32): App\Controllers\BaseController->pridobizgodbe(Array)
#2 C:\xampp\htdocs\smrpo\system\CodeIgniter.php(832): App\Controllers\ProjectsController->backlog()
#3 C:\xampp\htdocs\smrpo\system\CodeIgniter.php(419): CodeIgniter\CodeIgniter->runController(Object(App\Controllers\ProjectsController))
#4 C:\xampp\htdocs\smrpo\system\CodeIgniter.php(326): CodeIgniter\CodeIgniter->handleRequest(NULL, Object(Config\Cache), false)
#5 C:\xampp\htdocs\smrpo\public\index.php(37): CodeIgniter\CodeIgniter->run()
#6 {main}
CRITICAL - 2022-04-14 16:26:28 --> Undefined index: username
#0 C:\xampp\htdocs\smrpo\app\Controllers\BaseController.php(119): CodeIgniter\Debug\Exceptions->errorHandler(8, 'Undefined index...', 'C:\\xampp\\htdocs...', 119, Array)
#1 C:\xampp\htdocs\smrpo\app\Controllers\ProjectsController.php(32): App\Controllers\BaseController->pridobizgodbe(Array)
#2 C:\xampp\htdocs\smrpo\system\CodeIgniter.php(832): App\Controllers\ProjectsController->backlog()
#3 C:\xampp\htdocs\smrpo\system\CodeIgniter.php(419): CodeIgniter\CodeIgniter->runController(Object(App\Controllers\ProjectsController))
#4 C:\xampp\htdocs\smrpo\system\CodeIgniter.php(326): CodeIgniter\CodeIgniter->handleRequest(NULL, Object(Config\Cache), false)
#5 C:\xampp\htdocs\smrpo\public\index.php(37): CodeIgniter\CodeIgniter->run()
#6 {main}
CRITICAL - 2022-04-14 16:26:55 --> syntax error, unexpected 'return' (T_RETURN)
#0 C:\xampp\htdocs\smrpo\system\Autoloader\Autoloader.php(241): CodeIgniter\Autoloader\Autoloader->includeFile('C:\\xampp\\htdocs...')
#1 C:\xampp\htdocs\smrpo\system\Autoloader\Autoloader.php(219): CodeIgniter\Autoloader\Autoloader->loadInNamespace('App\\Controllers...')
#2 [internal function]: CodeIgniter\Autoloader\Autoloader->loadClass('App\\Controllers...')
#3 C:\xampp\htdocs\smrpo\app\Controllers\ProjectsController.php(9): spl_autoload_call('App\\Controllers...')
#4 C:\xampp\htdocs\smrpo\system\Autoloader\Autoloader.php(264): include_once('C:\\xampp\\htdocs...')
#5 C:\xampp\htdocs\smrpo\system\Autoloader\Autoloader.php(241): CodeIgniter\Autoloader\Autoloader->includeFile('C:\\xampp\\htdocs...')
#6 C:\xampp\htdocs\smrpo\system\Autoloader\Autoloader.php(219): CodeIgniter\Autoloader\Autoloader->loadInNamespace('App\\Controllers...')
#7 [internal function]: CodeIgniter\Autoloader\Autoloader->loadClass('App\\Controllers...')
#8 [internal function]: spl_autoload_call('App\\Controllers...')
#9 C:\xampp\htdocs\smrpo\system\CodeIgniter.php(797): class_exists('\\App\\Controller...', true)
#10 C:\xampp\htdocs\smrpo\system\CodeIgniter.php(406): CodeIgniter\CodeIgniter->startController()
#11 C:\xampp\htdocs\smrpo\system\CodeIgniter.php(326): CodeIgniter\CodeIgniter->handleRequest(NULL, Object(Config\Cache), false)
#12 C:\xampp\htdocs\smrpo\public\index.php(37): CodeIgniter\CodeIgniter->run()
#13 {main}
CRITICAL - 2022-04-14 16:27:06 --> Undefined index: username
#0 C:\xampp\htdocs\smrpo\app\Controllers\BaseController.php(119): CodeIgniter\Debug\Exceptions->errorHandler(8, 'Undefined index...', 'C:\\xampp\\htdocs...', 119, Array)
#1 C:\xampp\htdocs\smrpo\app\Controllers\ProjectsController.php(32): App\Controllers\BaseController->pridobizgodbe(Array)
#2 C:\xampp\htdocs\smrpo\system\CodeIgniter.php(832): App\Controllers\ProjectsController->backlog()
#3 C:\xampp\htdocs\smrpo\system\CodeIgniter.php(419): CodeIgniter\CodeIgniter->runController(Object(App\Controllers\ProjectsController))
#4 C:\xampp\htdocs\smrpo\system\CodeIgniter.php(326): CodeIgniter\CodeIgniter->handleRequest(NULL, Object(Config\Cache), false)
#5 C:\xampp\htdocs\smrpo\public\index.php(37): CodeIgniter\CodeIgniter->run()
#6 {main}
CRITICAL - 2022-04-14 16:42:02 --> Undefined variable: uporabniki
#0 C:\xampp\htdocs\smrpo\app\Views\partials\storyCard.php(15): CodeIgniter\Debug\Exceptions->errorHandler(8, 'Undefined varia...', 'C:\\xampp\\htdocs...', 15, Array)
#1 C:\xampp\htdocs\smrpo\system\View\View.php(210): include('C:\\xampp\\htdocs...')
#2 C:\xampp\htdocs\smrpo\system\View\View.php(213): CodeIgniter\View\View->CodeIgniter\View\{closure}()
#3 C:\xampp\htdocs\smrpo\system\Common.php(1089): CodeIgniter\View\View->render('partials/storyC...', Array, true)
#4 C:\xampp\htdocs\smrpo\app\Views\subpages\sprint\backlog.php(25): view('partials/storyC...', Array)
#5 C:\xampp\htdocs\smrpo\system\View\View.php(210): include('C:\\xampp\\htdocs...')
#6 C:\xampp\htdocs\smrpo\system\View\View.php(213): CodeIgniter\View\View->CodeIgniter\View\{closure}()
#7 C:\xampp\htdocs\smrpo\system\Common.php(1089): CodeIgniter\View\View->render('subpages/sprint...', Array, true)
#8 C:\xampp\htdocs\smrpo\app\Controllers\SprintController.php(64): view('subpages/sprint...', Array)
#9 C:\xampp\htdocs\smrpo\system\CodeIgniter.php(832): App\Controllers\SprintController->backlog()
#10 C:\xampp\htdocs\smrpo\system\CodeIgniter.php(419): CodeIgniter\CodeIgniter->runController(Object(App\Controllers\SprintController))
#11 C:\xampp\htdocs\smrpo\system\CodeIgniter.php(326): CodeIgniter\CodeIgniter->handleRequest(NULL, Object(Config\Cache), false)
#12 C:\xampp\htdocs\smrpo\public\index.php(37): CodeIgniter\CodeIgniter->run()
#13 {main}
CRITICAL - 2022-04-14 16:42:11 --> Undefined variable: uporabniki
#0 C:\xampp\htdocs\smrpo\app\Views\partials\storyCard.php(15): CodeIgniter\Debug\Exceptions->errorHandler(8, 'Undefined varia...', 'C:\\xampp\\htdocs...', 15, Array)
#1 C:\xampp\htdocs\smrpo\system\View\View.php(210): include('C:\\xampp\\htdocs...')
#2 C:\xampp\htdocs\smrpo\system\View\View.php(213): CodeIgniter\View\View->CodeIgniter\View\{closure}()
#3 C:\xampp\htdocs\smrpo\system\Common.php(1089): CodeIgniter\View\View->render('partials/storyC...', Array, true)
#4 C:\xampp\htdocs\smrpo\app\Views\subpages\projekti\myTasks.php(21): view('partials/storyC...', Array)
#5 C:\xampp\htdocs\smrpo\system\View\View.php(210): include('C:\\xampp\\htdocs...')
#6 C:\xampp\htdocs\smrpo\system\View\View.php(213): CodeIgniter\View\View->CodeIgniter\View\{closure}()
#7 C:\xampp\htdocs\smrpo\system\Common.php(1089): CodeIgniter\View\View->render('subpages/projek...', Array, true)
#8 C:\xampp\htdocs\smrpo\app\Controllers\MyTasksController.php(17): view('subpages/projek...', Array)
#9 C:\xampp\htdocs\smrpo\system\CodeIgniter.php(832): App\Controllers\MyTasksController->myTasks()
#10 C:\xampp\htdocs\smrpo\system\CodeIgniter.php(419): CodeIgniter\CodeIgniter->runController(Object(App\Controllers\MyTasksController))
#11 C:\xampp\htdocs\smrpo\system\CodeIgniter.php(326): CodeIgniter\CodeIgniter->handleRequest(NULL, Object(Config\Cache), false)
#12 C:\xampp\htdocs\smrpo\public\index.php(37): CodeIgniter\CodeIgniter->run()
#13 {main}
