CRITICAL - 2022-03-11 03:23:25 --> Undefined property: CodeIgniter\View\View::$load
#0 C:\xampp\htdocs\SMRPO-6-2022\app\Views\layouts\frame.php(19): CodeIgniter\Debug\Exceptions->errorHandler(2, 'Undefined prope...', 'C:\\xampp\\htdocs...', 19)
#1 C:\xampp\htdocs\SMRPO-6-2022\system\View\View.php(210): include('C:\\xampp\\htdocs...')
#2 C:\xampp\htdocs\SMRPO-6-2022\system\View\View.php(213): CodeIgniter\View\View->CodeIgniter\View\{closure}()
#3 C:\xampp\htdocs\SMRPO-6-2022\system\View\View.php(226): CodeIgniter\View\View->render('layouts/frame', Array, true)
#4 C:\xampp\htdocs\SMRPO-6-2022\system\Common.php(1089): CodeIgniter\View\View->render('login', Array, true)
#5 C:\xampp\htdocs\SMRPO-6-2022\app\Controllers\UsersController.php(84): view('login', Array)
#6 C:\xampp\htdocs\SMRPO-6-2022\system\CodeIgniter.php(832): App\Controllers\UsersController->login()
#7 C:\xampp\htdocs\SMRPO-6-2022\system\CodeIgniter.php(419): CodeIgniter\CodeIgniter->runController(Object(App\Controllers\UsersController))
#8 C:\xampp\htdocs\SMRPO-6-2022\system\CodeIgniter.php(326): CodeIgniter\CodeIgniter->handleRequest(NULL, Object(Config\Cache), false)
#9 C:\xampp\htdocs\SMRPO-6-2022\public\index.php(37): CodeIgniter\CodeIgniter->run()
#10 {main}
CRITICAL - 2022-03-11 03:23:42 --> Undefined property: CodeIgniter\View\View::$load
#0 C:\xampp\htdocs\SMRPO-6-2022\app\Views\layouts\frame.php(19): CodeIgniter\Debug\Exceptions->errorHandler(2, 'Undefined prope...', 'C:\\xampp\\htdocs...', 19)
#1 C:\xampp\htdocs\SMRPO-6-2022\system\View\View.php(210): include('C:\\xampp\\htdocs...')
#2 C:\xampp\htdocs\SMRPO-6-2022\system\View\View.php(213): CodeIgniter\View\View->CodeIgniter\View\{closure}()
#3 C:\xampp\htdocs\SMRPO-6-2022\system\View\View.php(226): CodeIgniter\View\View->render('layouts/frame', Array, true)
#4 C:\xampp\htdocs\SMRPO-6-2022\system\Common.php(1089): CodeIgniter\View\View->render('login', Array, true)
#5 C:\xampp\htdocs\SMRPO-6-2022\app\Controllers\UsersController.php(84): view('login', Array)
#6 C:\xampp\htdocs\SMRPO-6-2022\system\CodeIgniter.php(832): App\Controllers\UsersController->login()
#7 C:\xampp\htdocs\SMRPO-6-2022\system\CodeIgniter.php(419): CodeIgniter\CodeIgniter->runController(Object(App\Controllers\UsersController))
#8 C:\xampp\htdocs\SMRPO-6-2022\system\CodeIgniter.php(326): CodeIgniter\CodeIgniter->handleRequest(NULL, Object(Config\Cache), false)
#9 C:\xampp\htdocs\SMRPO-6-2022\public\index.php(37): CodeIgniter\CodeIgniter->run()
#10 {main}
