CRITICAL - 2022-04-12 09:59:05 --> Undefined variable $besedilo
#0 C:\xampp\htdocs\SMRPO-6-2022\app\Views\partials\storyCard.php(27): CodeIgniter\Debug\Exceptions->errorHandler(2, 'Undefined varia...', 'C:\\xampp\\htdocs...', 27)
#1 C:\xampp\htdocs\SMRPO-6-2022\system\View\View.php(210): include('C:\\xampp\\htdocs...')
#2 C:\xampp\htdocs\SMRPO-6-2022\system\View\View.php(213): CodeIgniter\View\View->CodeIgniter\View\{closure}()
#3 C:\xampp\htdocs\SMRPO-6-2022\system\Common.php(1089): CodeIgniter\View\View->render('partials/storyC...', Array, true)
#4 C:\xampp\htdocs\SMRPO-6-2022\app\Views\subpages\projekti\backlog.php(24): view('partials/storyC...', Array)
#5 C:\xampp\htdocs\SMRPO-6-2022\system\View\View.php(210): include('C:\\xampp\\htdocs...')
#6 C:\xampp\htdocs\SMRPO-6-2022\system\View\View.php(213): CodeIgniter\View\View->CodeIgniter\View\{closure}()
#7 C:\xampp\htdocs\SMRPO-6-2022\system\Common.php(1089): CodeIgniter\View\View->render('subpages/projek...', Array, true)
#8 C:\xampp\htdocs\SMRPO-6-2022\app\Controllers\ProjectsController.php(35): view('subpages/projek...', Array)
#9 C:\xampp\htdocs\SMRPO-6-2022\system\CodeIgniter.php(832): App\Controllers\ProjectsController->backlog()
#10 C:\xampp\htdocs\SMRPO-6-2022\system\CodeIgniter.php(419): CodeIgniter\CodeIgniter->runController(Object(App\Controllers\ProjectsController))
#11 C:\xampp\htdocs\SMRPO-6-2022\system\CodeIgniter.php(326): CodeIgniter\CodeIgniter->handleRequest(NULL, Object(Config\Cache), false)
#12 C:\xampp\htdocs\SMRPO-6-2022\public\index.php(37): CodeIgniter\CodeIgniter->run()
#13 {main}
CRITICAL - 2022-04-12 10:06:47 --> Undefined variable $casovnaZahtevnost
#0 C:\xampp\htdocs\SMRPO-6-2022\app\Views\partials\storyCard.php(43): CodeIgniter\Debug\Exceptions->errorHandler(2, 'Undefined varia...', 'C:\\xampp\\htdocs...', 43)
#1 C:\xampp\htdocs\SMRPO-6-2022\system\View\View.php(210): include('C:\\xampp\\htdocs...')
#2 C:\xampp\htdocs\SMRPO-6-2022\system\View\View.php(213): CodeIgniter\View\View->CodeIgniter\View\{closure}()
#3 C:\xampp\htdocs\SMRPO-6-2022\system\Common.php(1089): CodeIgniter\View\View->render('partials/storyC...', Array, true)
#4 C:\xampp\htdocs\SMRPO-6-2022\app\Views\subpages\projekti\backlog.php(25): view('partials/storyC...', Array)
#5 C:\xampp\htdocs\SMRPO-6-2022\system\View\View.php(210): include('C:\\xampp\\htdocs...')
#6 C:\xampp\htdocs\SMRPO-6-2022\system\View\View.php(213): CodeIgniter\View\View->CodeIgniter\View\{closure}()
#7 C:\xampp\htdocs\SMRPO-6-2022\system\Common.php(1089): CodeIgniter\View\View->render('subpages/projek...', Array, true)
#8 C:\xampp\htdocs\SMRPO-6-2022\app\Controllers\ProjectsController.php(35): view('subpages/projek...', Array)
#9 C:\xampp\htdocs\SMRPO-6-2022\system\CodeIgniter.php(832): App\Controllers\ProjectsController->backlog()
#10 C:\xampp\htdocs\SMRPO-6-2022\system\CodeIgniter.php(419): CodeIgniter\CodeIgniter->runController(Object(App\Controllers\ProjectsController))
#11 C:\xampp\htdocs\SMRPO-6-2022\system\CodeIgniter.php(326): CodeIgniter\CodeIgniter->handleRequest(NULL, Object(Config\Cache), false)
#12 C:\xampp\htdocs\SMRPO-6-2022\public\index.php(37): CodeIgniter\CodeIgniter->run()
#13 {main}
CRITICAL - 2022-04-12 10:14:55 --> Undefined variable $zgodba
#0 C:\xampp\htdocs\SMRPO-6-2022\app\Views\partials\storyCard.php(12): CodeIgniter\Debug\Exceptions->errorHandler(2, 'Undefined varia...', 'C:\\xampp\\htdocs...', 12)
#1 C:\xampp\htdocs\SMRPO-6-2022\system\View\View.php(210): include('C:\\xampp\\htdocs...')
#2 C:\xampp\htdocs\SMRPO-6-2022\system\View\View.php(213): CodeIgniter\View\View->CodeIgniter\View\{closure}()
#3 C:\xampp\htdocs\SMRPO-6-2022\system\Common.php(1089): CodeIgniter\View\View->render('partials/storyC...', Array, true)
#4 C:\xampp\htdocs\SMRPO-6-2022\app\Views\subpages\projekti\backlog.php(26): view('partials/storyC...', Array)
#5 C:\xampp\htdocs\SMRPO-6-2022\system\View\View.php(210): include('C:\\xampp\\htdocs...')
#6 C:\xampp\htdocs\SMRPO-6-2022\system\View\View.php(213): CodeIgniter\View\View->CodeIgniter\View\{closure}()
#7 C:\xampp\htdocs\SMRPO-6-2022\system\Common.php(1089): CodeIgniter\View\View->render('subpages/projek...', Array, true)
#8 C:\xampp\htdocs\SMRPO-6-2022\app\Controllers\ProjectsController.php(35): view('subpages/projek...', Array)
#9 C:\xampp\htdocs\SMRPO-6-2022\system\CodeIgniter.php(832): App\Controllers\ProjectsController->backlog()
#10 C:\xampp\htdocs\SMRPO-6-2022\system\CodeIgniter.php(419): CodeIgniter\CodeIgniter->runController(Object(App\Controllers\ProjectsController))
#11 C:\xampp\htdocs\SMRPO-6-2022\system\CodeIgniter.php(326): CodeIgniter\CodeIgniter->handleRequest(NULL, Object(Config\Cache), false)
#12 C:\xampp\htdocs\SMRPO-6-2022\public\index.php(37): CodeIgniter\CodeIgniter->run()
#13 {main}
