CRITICAL - 2022-03-30 07:02:05 --> Invalid file: passwordInput.php
#0 C:\xampp\htdocs\SMRPO-6-2022\system\View\View.php(198): CodeIgniter\Exceptions\FrameworkException::forInvalidFile('passwordInput.p...')
#1 C:\xampp\htdocs\SMRPO-6-2022\system\Common.php(1089): CodeIgniter\View\View->render('passwordInput', Array, true)
#2 C:\xampp\htdocs\SMRPO-6-2022\app\Views\subpages\ustvarjanjeUporabnika\userCreate.php(21): view('passwordInput', Array)
#3 C:\xampp\htdocs\SMRPO-6-2022\system\View\View.php(210): include('C:\\xampp\\htdocs...')
#4 C:\xampp\htdocs\SMRPO-6-2022\system\View\View.php(213): CodeIgniter\View\View->CodeIgniter\View\{closure}()
#5 C:\xampp\htdocs\SMRPO-6-2022\system\Common.php(1089): CodeIgniter\View\View->render('subpages/ustvar...', Array, true)
#6 C:\xampp\htdocs\SMRPO-6-2022\app\Controllers\UsersController.php(47): view('subpages/ustvar...', Array)
#7 C:\xampp\htdocs\SMRPO-6-2022\system\CodeIgniter.php(832): App\Controllers\UsersController->createUser()
#8 C:\xampp\htdocs\SMRPO-6-2022\system\CodeIgniter.php(419): CodeIgniter\CodeIgniter->runController(Object(App\Controllers\UsersController))
#9 C:\xampp\htdocs\SMRPO-6-2022\system\CodeIgniter.php(326): CodeIgniter\CodeIgniter->handleRequest(NULL, Object(Config\Cache), false)
#10 C:\xampp\htdocs\SMRPO-6-2022\public\index.php(37): CodeIgniter\CodeIgniter->run()
#11 {main}
CRITICAL - 2022-03-30 07:02:13 --> Invalid file: passwordInput.php
#0 C:\xampp\htdocs\SMRPO-6-2022\system\View\View.php(198): CodeIgniter\Exceptions\FrameworkException::forInvalidFile('passwordInput.p...')
#1 C:\xampp\htdocs\SMRPO-6-2022\system\Common.php(1089): CodeIgniter\View\View->render('passwordInput', Array, true)
#2 C:\xampp\htdocs\SMRPO-6-2022\app\Views\subpages\ustvarjanjeUporabnika\userCreate.php(21): view('passwordInput', Array)
#3 C:\xampp\htdocs\SMRPO-6-2022\system\View\View.php(210): include('C:\\xampp\\htdocs...')
#4 C:\xampp\htdocs\SMRPO-6-2022\system\View\View.php(213): CodeIgniter\View\View->CodeIgniter\View\{closure}()
#5 C:\xampp\htdocs\SMRPO-6-2022\system\Common.php(1089): CodeIgniter\View\View->render('subpages/ustvar...', Array, true)
#6 C:\xampp\htdocs\SMRPO-6-2022\app\Controllers\UsersController.php(47): view('subpages/ustvar...', Array)
#7 C:\xampp\htdocs\SMRPO-6-2022\system\CodeIgniter.php(832): App\Controllers\UsersController->createUser()
#8 C:\xampp\htdocs\SMRPO-6-2022\system\CodeIgniter.php(419): CodeIgniter\CodeIgniter->runController(Object(App\Controllers\UsersController))
#9 C:\xampp\htdocs\SMRPO-6-2022\system\CodeIgniter.php(326): CodeIgniter\CodeIgniter->handleRequest(NULL, Object(Config\Cache), false)
#10 C:\xampp\htdocs\SMRPO-6-2022\public\index.php(37): CodeIgniter\CodeIgniter->run()
#11 {main}
