CRITICAL - 2022-03-25 03:32:09 --> syntax error, unexpected 'var_dump' (T_STRING)
#0 C:\xampp\htdocs\smrpo\system\View\View.php(213): CodeIgniter\View\View->CodeIgniter\View\{closure}()
#1 C:\xampp\htdocs\smrpo\system\Common.php(1089): CodeIgniter\View\View->render('subpages/login/...', Array, true)
#2 C:\xampp\htdocs\smrpo\app\Controllers\UsersController.php(73): view('subpages/login/...', Array)
#3 C:\xampp\htdocs\smrpo\system\CodeIgniter.php(832): App\Controllers\UsersController->login()
#4 C:\xampp\htdocs\smrpo\system\CodeIgniter.php(419): CodeIgniter\CodeIgniter->runController(Object(App\Controllers\UsersController))
#5 C:\xampp\htdocs\smrpo\system\CodeIgniter.php(326): CodeIgniter\CodeIgniter->handleRequest(NULL, Object(Config\Cache), false)
#6 C:\xampp\htdocs\smrpo\public\index.php(37): CodeIgniter\CodeIgniter->run()
#7 {main}
CRITICAL - 2022-03-25 03:32:35 --> Undefined variable: validation
#0 C:\xampp\htdocs\smrpo\app\Views\subpages\login\login.php(53): CodeIgniter\Debug\Exceptions->errorHandler(8, 'Undefined varia...', 'C:\\xampp\\htdocs...', 53, Array)
#1 C:\xampp\htdocs\smrpo\system\View\View.php(210): include('C:\\xampp\\htdocs...')
#2 C:\xampp\htdocs\smrpo\system\View\View.php(213): CodeIgniter\View\View->CodeIgniter\View\{closure}()
#3 C:\xampp\htdocs\smrpo\system\Common.php(1089): CodeIgniter\View\View->render('subpages/login/...', Array, true)
#4 C:\xampp\htdocs\smrpo\app\Controllers\UsersController.php(73): view('subpages/login/...', Array)
#5 C:\xampp\htdocs\smrpo\system\CodeIgniter.php(832): App\Controllers\UsersController->login()
#6 C:\xampp\htdocs\smrpo\system\CodeIgniter.php(419): CodeIgniter\CodeIgniter->runController(Object(App\Controllers\UsersController))
#7 C:\xampp\htdocs\smrpo\system\CodeIgniter.php(326): CodeIgniter\CodeIgniter->handleRequest(NULL, Object(Config\Cache), false)
#8 C:\xampp\htdocs\smrpo\public\index.php(37): CodeIgniter\CodeIgniter->run()
#9 {main}
