CRITICAL - 2022-04-21 07:24:58 --> Undefined variable: uporabniki
#0 C:\xampp\htdocs\smrpo\app\Views\partials\storyCard.php(16): CodeIgniter\Debug\Exceptions->errorHandler(8, 'Undefined varia...', 'C:\\xampp\\htdocs...', 16, Array)
#1 C:\xampp\htdocs\smrpo\system\View\View.php(210): include('C:\\xampp\\htdocs...')
#2 C:\xampp\htdocs\smrpo\system\View\View.php(213): CodeIgniter\View\View->CodeIgniter\View\{closure}()
#3 C:\xampp\htdocs\smrpo\system\Common.php(1089): CodeIgniter\View\View->render('partials/storyC...', Array, true)
#4 C:\xampp\htdocs\smrpo\app\Views\subpages\projekti\myTasks.php(21): view('partials/storyC...', Array)
#5 C:\xampp\htdocs\smrpo\system\View\View.php(210): include('C:\\xampp\\htdocs...')
#6 C:\xampp\htdocs\smrpo\system\View\View.php(213): CodeIgniter\View\View->CodeIgniter\View\{closure}()
#7 C:\xampp\htdocs\smrpo\system\Common.php(1089): CodeIgniter\View\View->render('subpages/projek...', Array, true)
#8 C:\xampp\htdocs\smrpo\app\Controllers\MyTasksController.php(17): view('subpages/projek...', Array)
#9 C:\xampp\htdocs\smrpo\system\CodeIgniter.php(832): App\Controllers\MyTasksController->myTasks()
#10 C:\xampp\htdocs\smrpo\system\CodeIgniter.php(419): CodeIgniter\CodeIgniter->runController(Object(App\Controllers\MyTasksController))
#11 C:\xampp\htdocs\smrpo\system\CodeIgniter.php(326): CodeIgniter\CodeIgniter->handleRequest(NULL, Object(Config\Cache), false)
#12 C:\xampp\htdocs\smrpo\public\index.php(37): CodeIgniter\CodeIgniter->run()
#13 {main}
CRITICAL - 2022-04-21 07:25:31 --> Undefined variable: uporabniki
#0 C:\xampp\htdocs\smrpo\app\Views\partials\storyCard.php(16): CodeIgniter\Debug\Exceptions->errorHandler(8, 'Undefined varia...', 'C:\\xampp\\htdocs...', 16, Array)
#1 C:\xampp\htdocs\smrpo\system\View\View.php(210): include('C:\\xampp\\htdocs...')
#2 C:\xampp\htdocs\smrpo\system\View\View.php(213): CodeIgniter\View\View->CodeIgniter\View\{closure}()
#3 C:\xampp\htdocs\smrpo\system\Common.php(1089): CodeIgniter\View\View->render('partials/storyC...', Array, true)
#4 C:\xampp\htdocs\smrpo\app\Views\subpages\projekti\myTasks.php(21): view('partials/storyC...', Array)
#5 C:\xampp\htdocs\smrpo\system\View\View.php(210): include('C:\\xampp\\htdocs...')
#6 C:\xampp\htdocs\smrpo\system\View\View.php(213): CodeIgniter\View\View->CodeIgniter\View\{closure}()
#7 C:\xampp\htdocs\smrpo\system\Common.php(1089): CodeIgniter\View\View->render('subpages/projek...', Array, true)
#8 C:\xampp\htdocs\smrpo\app\Controllers\MyTasksController.php(17): view('subpages/projek...', Array)
#9 C:\xampp\htdocs\smrpo\system\CodeIgniter.php(832): App\Controllers\MyTasksController->myTasks()
#10 C:\xampp\htdocs\smrpo\system\CodeIgniter.php(419): CodeIgniter\CodeIgniter->runController(Object(App\Controllers\MyTasksController))
#11 C:\xampp\htdocs\smrpo\system\CodeIgniter.php(326): CodeIgniter\CodeIgniter->handleRequest(NULL, Object(Config\Cache), false)
#12 C:\xampp\htdocs\smrpo\public\index.php(37): CodeIgniter\CodeIgniter->run()
#13 {main}
